{
  "RSpec": {
    "coverage": {
      "/Users/MarcoGenova/CodingProjects/inventory/app/models/user.rb": [
        1,
        null,
        null,
        1,
        null,
        null,
        1,
        1,
        null,
        1,
        null,
        1,
        null,
        null,
        null,
        null
      ],
      "/Users/MarcoGenova/CodingProjects/inventory/app/models/application_record.rb": [
        1,
        1,
        null
      ],
      "/Users/MarcoGenova/CodingProjects/inventory/app/helpers/application_helper.rb": [
        1,
        null,
        1,
        0,
        null,
        null,
        1,
        0,
        null,
        null,
        1,
        0,
        null,
        null,
        null
      ],
      "/Users/MarcoGenova/CodingProjects/inventory/app/helpers/cambridge_inventories_helper.rb": [
        1,
        null,
        1,
        0,
        0,
        0,
        0,
        0,
        0,
        0,
        null,
        0,
        0,
        null,
        null,
        null,
        1,
        0,
        0,
        0,
        0,
        0,
        0,
        null,
        0,
        0,
        null,
        null,
        null,
        1,
        0,
        0,
        null,
        0,
        null,
        null,
        null,
        null
      ],
      "/Users/MarcoGenova/CodingProjects/inventory/app/helpers/inventories_helper.rb": [
        1,
        null,
        1,
        0,
        0,
        0,
        0,
        0,
        0,
        0,
        null,
        0,
        0,
        null,
        null,
        null,
        1,
        0,
        0,
        0,
        0,
        0,
        0,
        null,
        0,
        0,
        null,
        null,
        null,
        1,
        0,
        0,
        null,
        0,
        null,
        null,
        null,
        null
      ],
      "/Users/MarcoGenova/CodingProjects/inventory/app/helpers/products_helper.rb": [
        1,
        null,
        1,
        0,
        0,
        null,
        0,
        null,
        null,
        null,
        1,
        0,
        0,
        0,
        0,
        null,
        0,
        null,
        null,
        null,
        1,
        0,
        0,
        0,
        0,
        0,
        0,
        null,
        0,
        null,
        null,
        null,
        null,
        null,
        null
      ],
      "/Users/MarcoGenova/CodingProjects/inventory/app/helpers/stores_helper.rb": [
        1,
        null
      ],
      "/Users/MarcoGenova/CodingProjects/inventory/app/helpers/trappe_inventories_helper.rb": [
        1,
        null,
        1,
        0,
        0,
        0,
        0,
        0,
        0,
        0,
        null,
        0,
        0,
        null,
        null,
        null,
        1,
        0,
        0,
        0,
        0,
        0,
        0,
        null,
        0,
        0,
        null,
        null,
        null,
        1,
        0,
        0,
        null,
        0,
        null,
        null,
        null,
        null
      ],
      "/Users/MarcoGenova/CodingProjects/inventory/app/helpers/users_helper.rb": [
        1,
        null
      ],
      "/Users/MarcoGenova/CodingProjects/inventory/app/controllers/cambridge/inventories_controller.rb": [
        1,
        1,
        1,
        1,
        null,
        1,
        0,
        null,
        null,
        1,
        0,
        0,
        0,
        0,
        0,
        0,
        0,
        0,
        0,
        0,
        0,
        0,
        0,
        0,
        0,
        0,
        0,
        0,
        0,
        0,
        0,
        0,
        null,
        null,
        1,
        0,
        null,
        0,
        null,
        null,
        null,
        null,
        0,
        0,
        null,
        null,
        null,
        null,
        null,
        null,
        0,
        null,
        null,
        1,
        0,
        0,
        0,
        null,
        null,
        1,
        0,
        0,
        0,
        0,
        null,
        0,
        null,
        null
      ],
      "/Users/MarcoGenova/CodingProjects/inventory/app/controllers/application_controller.rb": [
        1,
        1,
        null,
        1,
        null,
        1,
        0,
        null,
        null,
        1,
        0,
        null,
        null,
        1,
        0,
        null,
        null,
        1,
        0,
        null,
        null,
        1,
        0,
        null,
        null,
        1,
        0,
        null,
        null,
        null
      ],
      "/Users/MarcoGenova/CodingProjects/inventory/app/controllers/cambridge/products_controller.rb": [
        1,
        1,
        1,
        1,
        null,
        1,
        0,
        null,
        null,
        1,
        null,
        null,
        1,
        0,
        null,
        null,
        null,
        null,
        null,
        null,
        null,
        null,
        null,
        null,
        null,
        0,
        0,
        null,
        null,
        null,
        1,
        0,
        null,
        null,
        null,
        1,
        0,
        null,
        0,
        null,
        null,
        null,
        null,
        null,
        null,
        null,
        null,
        null,
        null,
        null,
        0,
        null,
        null,
        null,
        1,
        0,
        null,
        0,
        null,
        null,
        null,
        0,
        null,
        null
      ],
      "/Users/MarcoGenova/CodingProjects/inventory/app/channels/application_cable/channel.rb": [
        0,
        0,
        0,
        0
      ],
      "/Users/MarcoGenova/CodingProjects/inventory/app/channels/application_cable/connection.rb": [
        0,
        0,
        0,
        0
      ],
      "/Users/MarcoGenova/CodingProjects/inventory/app/controllers/dover/inventories_controller.rb": [
        0,
        0,
        0,
        0,
        0,
        0,
        0,
        0,
        0,
        0,
        0,
        0,
        0,
        0,
        0,
        0,
        0,
        0,
        0,
        0,
        0,
        0,
        0,
        0,
        0,
        0,
        0,
        0,
        0,
        0,
        0,
        0,
        0,
        0,
        0,
        0,
        0,
        0,
        0,
        0,
        0,
        0,
        0,
        0,
        0,
        0,
        0,
        0,
        0,
        0,
        0,
        0,
        0,
        0,
        0,
        0,
        0,
        0,
        0,
        0,
        0,
        0,
        0,
        0
      ],
      "/Users/MarcoGenova/CodingProjects/inventory/app/controllers/dover/products_controller.rb": [
        0,
        0,
        0,
        0,
        0,
        0,
        0,
        0,
        0,
        0,
        0,
        0,
        0,
        0,
        0,
        0,
        0,
        0,
        0,
        0,
        0,
        0,
        0,
        0,
        0,
        0,
        0,
        0,
        0,
        0,
        0,
        0,
        0,
        0,
        0,
        0,
        0,
        0,
        0,
        0,
        0,
        0,
        0,
        0,
        0,
        0,
        0,
        0,
        0,
        0,
        0,
        0,
        0,
        0,
        0,
        0,
        0,
        0,
        0,
        0,
        0,
        0,
        0
      ],
      "/Users/MarcoGenova/CodingProjects/inventory/app/controllers/stores_controller.rb": [
        0,
        0,
        0,
        0,
        0,
        0
      ],
      "/Users/MarcoGenova/CodingProjects/inventory/app/controllers/trappe/inventories_controller.rb": [
        0,
        0,
        0,
        0,
        0,
        0,
        0,
        0,
        0,
        0,
        0,
        0,
        0,
        0,
        0,
        0,
        0,
        0,
        0,
        0,
        0,
        0,
        0,
        0,
        0,
        0,
        0,
        0,
        0,
        0,
        0,
        0,
        0,
        0,
        0,
        0,
        0,
        0,
        0,
        0,
        0,
        0,
        0,
        0,
        0,
        0,
        0,
        0,
        0,
        0,
        0,
        0,
        0,
        0,
        0,
        0,
        0,
        0,
        0,
        0,
        0,
        0,
        0,
        0,
        0,
        0,
        0,
        0,
        0,
        0,
        0
      ],
      "/Users/MarcoGenova/CodingProjects/inventory/app/controllers/trappe/products_controller.rb": [
        0,
        0,
        0,
        0,
        0,
        0,
        0,
        0,
        0,
        0,
        0,
        0,
        0,
        0,
        0,
        0,
        0,
        0,
        0,
        0,
        0,
        0,
        0,
        0,
        0,
        0,
        0,
        0,
        0,
        0,
        0,
        0,
        0,
        0,
        0,
        0,
        0,
        0,
        0,
        0,
        0,
        0,
        0,
        0,
        0,
        0,
        0,
        0,
        0,
        0,
        0,
        0,
        0,
        0,
        0,
        0,
        0,
        0,
        0,
        0,
        0,
        0,
        0,
        0,
        0
      ],
      "/Users/MarcoGenova/CodingProjects/inventory/app/controllers/users_controller.rb": [
        0,
        0,
        0,
        0,
        0,
        0,
        0,
        0,
        0,
        0,
        0,
        0,
        0,
        0,
        0,
        0,
        0,
        0,
        0,
        0,
        0,
        0,
        0,
        0,
        0,
        0,
        0,
        0,
        0,
        0,
        0,
        0,
        0,
        0,
        0,
        0,
        0,
        0
      ],
      "/Users/MarcoGenova/CodingProjects/inventory/app/jobs/application_job.rb": [
        0,
        0
      ],
      "/Users/MarcoGenova/CodingProjects/inventory/app/mailers/application_mailer.rb": [
        0,
        0,
        0,
        0
      ],
      "/Users/MarcoGenova/CodingProjects/inventory/app/models/cambridge_invent.rb": [
        0,
        0,
        0
      ],
      "/Users/MarcoGenova/CodingProjects/inventory/app/models/cambridge_order.rb": [
        0,
        0
      ],
      "/Users/MarcoGenova/CodingProjects/inventory/app/models/cambridge_product.rb": [
        0,
        0,
        0,
        0,
        0,
        0,
        0,
        0,
        0,
        0
      ],
      "/Users/MarcoGenova/CodingProjects/inventory/app/models/invent.rb": [
        0,
        0,
        0,
        0
      ],
      "/Users/MarcoGenova/CodingProjects/inventory/app/models/order.rb": [
        0,
        0,
        0,
        0,
        0
      ],
      "/Users/MarcoGenova/CodingProjects/inventory/app/models/product.rb": [
        0,
        0,
        0,
        0,
        0,
        0,
        0,
        0,
        0,
        0,
        0,
        0
      ],
      "/Users/MarcoGenova/CodingProjects/inventory/app/models/trappe_invent.rb": [
        0,
        0,
        0,
        0
      ],
      "/Users/MarcoGenova/CodingProjects/inventory/app/models/trappe_order.rb": [
        0,
        0
      ],
      "/Users/MarcoGenova/CodingProjects/inventory/app/models/trappe_product.rb": [
        0,
        0,
        0,
        0,
        0,
        0,
        0,
        0,
        0,
        0
      ]
    },
    "timestamp": 1533588320
  }
}
